<?xml version="1.0" encoding="UTF-8"?>
<!DOCTYPE coverage SYSTEM "http://cobertura.sourceforge.net/xml/coverage-04.dtd">
<coverage lines-valid="423" lines-covered="305" line-rate="1" branches-valid="0" branches-covered="0" branch-rate="0" timestamp="1670068216" complexity="0" version="1.0.0+1">
  <sources>
    <source>lib/game/vector.dart</source>
    <source>lib/main.dart</source>
    <source>lib/game/board.dart</source>
    <source>lib/game/level.dart</source>
    <source>lib/game/piece.dart</source>
    <source>lib/game/rotation.dart</source>
    <source>lib/game/tetris.dart</source>
  </sources>
  <packages>
    <package name="tetris" line-rate="1" branch-rate="0">
      <classes>
        <class name="vector" filename="lib/game/vector.dart" line-rate="1" branch-rate="0">
          <lines>
            <line number="8" hits="7" branch="false"/>
            <line number="12" hits="16" branch="false"/>
            <line number="14" hits="16" branch="false"/>
            <line number="16" hits="8" branch="false"/>
            <line number="18" hits="11" branch="false"/>
            <line number="20" hits="11" branch="false"/>
            <line number="22" hits="2" branch="false"/>
            <line number="27" hits="14" branch="false"/>
            <line number="30" hits="0" branch="false"/>
            <line number="31" hits="0" branch="false"/>
            <line number="33" hits="2" branch="false"/>
            <line number="34" hits="6" branch="false"/>
          </lines>
        </class>
        <class name="main" filename="lib/main.dart" line-rate="1" branch-rate="0">
          <lines>
            <line number="6" hits="0" branch="false"/>
            <line number="7" hits="0" branch="false"/>
            <line number="11" hits="2" branch="false"/>
            <line number="13" hits="1" branch="false"/>
            <line number="14" hits="1" branch="false"/>
            <line number="15" hits="2" branch="false"/>
            <line number="16" hits="1" branch="false"/>
            <line number="17" hits="2" branch="false"/>
          </lines>
        </class>
        <class name="board" filename="lib/game/board.dart" line-rate="1" branch-rate="0">
          <lines>
            <line number="28" hits="2" branch="false"/>
            <line number="32" hits="0" branch="false"/>
            <line number="36" hits="2" branch="false"/>
            <line number="38" hits="1" branch="false"/>
            <line number="39" hits="1" branch="false"/>
            <line number="40" hits="1" branch="false"/>
            <line number="42" hits="3" branch="false"/>
            <line number="43" hits="1" branch="false"/>
            <line number="44" hits="0" branch="false"/>
            <line number="45" hits="0" branch="false"/>
            <line number="46" hits="1" branch="false"/>
            <line number="47" hits="0" branch="false"/>
            <line number="48" hits="0" branch="false"/>
            <line number="49" hits="0" branch="false"/>
            <line number="50" hits="0" branch="false"/>
            <line number="51" hits="0" branch="false"/>
            <line number="54" hits="1" branch="false"/>
            <line number="57" hits="1" branch="false"/>
            <line number="59" hits="2" branch="false"/>
            <line number="60" hits="2" branch="false"/>
            <line number="61" hits="1" branch="false"/>
            <line number="64" hits="1" branch="false"/>
            <line number="65" hits="5" branch="false"/>
            <line number="66" hits="0" branch="false"/>
            <line number="70" hits="0" branch="false"/>
            <line number="71" hits="0" branch="false"/>
            <line number="72" hits="0" branch="false"/>
            <line number="74" hits="0" branch="false"/>
            <line number="75" hits="0" branch="false"/>
            <line number="76" hits="0" branch="false"/>
            <line number="79" hits="1" branch="false"/>
            <line number="80" hits="1" branch="false"/>
            <line number="81" hits="1" branch="false"/>
            <line number="84" hits="3" branch="false"/>
            <line number="86" hits="6" branch="false"/>
            <line number="88" hits="3" branch="false"/>
            <line number="89" hits="7" branch="false"/>
            <line number="90" hits="1" branch="false"/>
            <line number="92" hits="1" branch="false"/>
            <line number="93" hits="2" branch="false"/>
            <line number="94" hits="6" branch="false"/>
            <line number="95" hits="1" branch="false"/>
            <line number="96" hits="2" branch="false"/>
            <line number="97" hits="6" branch="false"/>
            <line number="98" hits="1" branch="false"/>
            <line number="100" hits="0" branch="false"/>
            <line number="101" hits="0" branch="false"/>
            <line number="102" hits="0" branch="false"/>
            <line number="103" hits="0" branch="false"/>
            <line number="109" hits="1" branch="false"/>
            <line number="110" hits="2" branch="false"/>
            <line number="112" hits="1" branch="false"/>
            <line number="113" hits="2" branch="false"/>
            <line number="114" hits="2" branch="false"/>
            <line number="115" hits="2" branch="false"/>
            <line number="118" hits="3" branch="false"/>
            <line number="119" hits="1" branch="false"/>
            <line number="120" hits="2" branch="false"/>
            <line number="122" hits="5" branch="false"/>
            <line number="123" hits="1" branch="false"/>
            <line number="126" hits="0" branch="false"/>
            <line number="127" hits="0" branch="false"/>
            <line number="128" hits="0" branch="false"/>
            <line number="129" hits="0" branch="false"/>
            <line number="130" hits="0" branch="false"/>
            <line number="131" hits="0" branch="false"/>
            <line number="136" hits="0" branch="false"/>
            <line number="137" hits="0" branch="false"/>
            <line number="141" hits="1" branch="false"/>
            <line number="142" hits="3" branch="false"/>
            <line number="143" hits="3" branch="false"/>
            <line number="145" hits="3" branch="false"/>
            <line number="146" hits="2" branch="false"/>
            <line number="147" hits="3" branch="false"/>
            <line number="148" hits="1" branch="false"/>
            <line number="151" hits="0" branch="false"/>
            <line number="152" hits="0" branch="false"/>
            <line number="153" hits="0" branch="false"/>
            <line number="157" hits="0" branch="false"/>
            <line number="159" hits="0" branch="false"/>
            <line number="160" hits="0" branch="false"/>
            <line number="161" hits="0" branch="false"/>
            <line number="162" hits="0" branch="false"/>
            <line number="163" hits="0" branch="false"/>
            <line number="164" hits="0" branch="false"/>
            <line number="166" hits="0" branch="false"/>
            <line number="167" hits="0" branch="false"/>
            <line number="168" hits="0" branch="false"/>
            <line number="169" hits="0" branch="false"/>
            <line number="172" hits="0" branch="false"/>
            <line number="173" hits="0" branch="false"/>
            <line number="174" hits="0" branch="false"/>
            <line number="175" hits="0" branch="false"/>
            <line number="178" hits="0" branch="false"/>
            <line number="179" hits="0" branch="false"/>
            <line number="180" hits="0" branch="false"/>
            <line number="181" hits="0" branch="false"/>
            <line number="183" hits="0" branch="false"/>
            <line number="184" hits="0" branch="false"/>
            <line number="185" hits="0" branch="false"/>
            <line number="187" hits="0" branch="false"/>
            <line number="188" hits="0" branch="false"/>
            <line number="190" hits="0" branch="false"/>
            <line number="191" hits="0" branch="false"/>
            <line number="194" hits="1" branch="false"/>
            <line number="195" hits="1" branch="false"/>
            <line number="196" hits="1" branch="false"/>
            <line number="197" hits="1" branch="false"/>
            <line number="198" hits="2" branch="false"/>
            <line number="199" hits="1" branch="false"/>
            <line number="200" hits="1" branch="false"/>
            <line number="204" hits="4" branch="false"/>
            <line number="208" hits="1" branch="false"/>
            <line number="209" hits="1" branch="false"/>
            <line number="210" hits="6" branch="false"/>
            <line number="211" hits="1" branch="false"/>
            <line number="214" hits="1" branch="false"/>
            <line number="215" hits="3" branch="false"/>
            <line number="216" hits="1" branch="false"/>
            <line number="219" hits="1" branch="false"/>
            <line number="221" hits="1" branch="false"/>
            <line number="222" hits="1" branch="false"/>
            <line number="224" hits="2" branch="false"/>
            <line number="225" hits="5" branch="false"/>
            <line number="228" hits="1" branch="false"/>
            <line number="229" hits="1" branch="false"/>
            <line number="230" hits="0" branch="false"/>
            <line number="231" hits="1" branch="false"/>
            <line number="232" hits="3" branch="false"/>
            <line number="233" hits="1" branch="false"/>
            <line number="234" hits="1" branch="false"/>
            <line number="237" hits="1" branch="false"/>
            <line number="238" hits="1" branch="false"/>
            <line number="240" hits="1" branch="false"/>
            <line number="248" hits="1" branch="false"/>
            <line number="251" hits="2" branch="false"/>
            <line number="252" hits="4" branch="false"/>
            <line number="254" hits="1" branch="false"/>
            <line number="255" hits="1" branch="false"/>
            <line number="256" hits="1" branch="false"/>
            <line number="257" hits="1" branch="false"/>
            <line number="258" hits="1" branch="false"/>
            <line number="259" hits="1" branch="false"/>
            <line number="260" hits="1" branch="false"/>
            <line number="261" hits="1" branch="false"/>
            <line number="262" hits="1" branch="false"/>
            <line number="263" hits="1" branch="false"/>
            <line number="264" hits="1" branch="false"/>
            <line number="265" hits="1" branch="false"/>
            <line number="266" hits="1" branch="false"/>
            <line number="267" hits="1" branch="false"/>
            <line number="268" hits="1" branch="false"/>
            <line number="269" hits="1" branch="false"/>
            <line number="270" hits="1" branch="false"/>
            <line number="271" hits="1" branch="false"/>
            <line number="272" hits="1" branch="false"/>
            <line number="275" hits="1" branch="false"/>
            <line number="276" hits="1" branch="false"/>
            <line number="277" hits="1" branch="false"/>
            <line number="278" hits="1" branch="false"/>
            <line number="279" hits="1" branch="false"/>
            <line number="280" hits="1" branch="false"/>
            <line number="321" hits="2" branch="false"/>
            <line number="322" hits="1" branch="false"/>
            <line number="323" hits="3" branch="false"/>
            <line number="324" hits="4" branch="false"/>
            <line number="325" hits="3" branch="false"/>
            <line number="326" hits="0" branch="false"/>
            <line number="333" hits="1" branch="false"/>
            <line number="334" hits="1" branch="false"/>
            <line number="335" hits="2" branch="false"/>
            <line number="336" hits="0" branch="false"/>
            <line number="337" hits="2" branch="false"/>
            <line number="338" hits="0" branch="false"/>
            <line number="339" hits="2" branch="false"/>
            <line number="340" hits="0" branch="false"/>
            <line number="341" hits="2" branch="false"/>
            <line number="342" hits="0" branch="false"/>
            <line number="343" hits="2" branch="false"/>
            <line number="344" hits="0" branch="false"/>
            <line number="345" hits="2" branch="false"/>
            <line number="346" hits="1" branch="false"/>
            <line number="347" hits="0" branch="false"/>
            <line number="348" hits="0" branch="false"/>
            <line number="349" hits="0" branch="false"/>
            <line number="350" hits="0" branch="false"/>
            <line number="351" hits="0" branch="false"/>
            <line number="352" hits="0" branch="false"/>
            <line number="358" hits="0" branch="false"/>
            <line number="359" hits="0" branch="false"/>
            <line number="360" hits="0" branch="false"/>
            <line number="361" hits="0" branch="false"/>
            <line number="362" hits="0" branch="false"/>
            <line number="363" hits="0" branch="false"/>
            <line number="366" hits="0" branch="false"/>
            <line number="368" hits="0" branch="false"/>
            <line number="369" hits="0" branch="false"/>
            <line number="371" hits="0" branch="false"/>
            <line number="372" hits="0" branch="false"/>
            <line number="374" hits="0" branch="false"/>
            <line number="376" hits="0" branch="false"/>
            <line number="377" hits="0" branch="false"/>
            <line number="379" hits="0" branch="false"/>
            <line number="380" hits="0" branch="false"/>
            <line number="382" hits="0" branch="false"/>
            <line number="383" hits="0" branch="false"/>
          </lines>
        </class>
        <class name="level" filename="lib/game/level.dart" line-rate="1" branch-rate="0">
          <lines>
            <line number="5" hits="1" branch="false"/>
            <line number="8" hits="4" branch="false"/>
            <line number="36" hits="3" branch="false"/>
            <line number="37" hits="2" branch="false"/>
            <line number="38" hits="2" branch="false"/>
            <line number="39" hits="2" branch="false"/>
            <line number="40" hits="2" branch="false"/>
            <line number="41" hits="2" branch="false"/>
            <line number="42" hits="2" branch="false"/>
            <line number="43" hits="2" branch="false"/>
            <line number="44" hits="2" branch="false"/>
            <line number="45" hits="2" branch="false"/>
            <line number="46" hits="2" branch="false"/>
            <line number="47" hits="2" branch="false"/>
            <line number="48" hits="2" branch="false"/>
            <line number="49" hits="2" branch="false"/>
            <line number="50" hits="2" branch="false"/>
            <line number="51" hits="2" branch="false"/>
            <line number="52" hits="2" branch="false"/>
            <line number="53" hits="2" branch="false"/>
            <line number="54" hits="2" branch="false"/>
            <line number="55" hits="2" branch="false"/>
            <line number="56" hits="2" branch="false"/>
            <line number="57" hits="2" branch="false"/>
            <line number="60" hits="3" branch="false"/>
            <line number="61" hits="2" branch="false"/>
            <line number="62" hits="2" branch="false"/>
            <line number="63" hits="1" branch="false"/>
            <line number="64" hits="1" branch="false"/>
            <line number="65" hits="4" branch="false"/>
            <line number="68" hits="1" branch="false"/>
            <line number="69" hits="3" branch="false"/>
            <line number="70" hits="3" branch="false"/>
            <line number="71" hits="0" branch="false"/>
          </lines>
        </class>
        <class name="piece" filename="lib/game/piece.dart" line-rate="1" branch-rate="0">
          <lines>
            <line number="9" hits="1" branch="false"/>
            <line number="10" hits="3" branch="false"/>
            <line number="11" hits="1" branch="false"/>
            <line number="12" hits="1" branch="false"/>
            <line number="14" hits="1" branch="false"/>
            <line number="16" hits="1" branch="false"/>
            <line number="17" hits="1" branch="false"/>
            <line number="27" hits="1" branch="false"/>
            <line number="33" hits="2" branch="false"/>
            <line number="34" hits="3" branch="false"/>
            <line number="35" hits="4" branch="false"/>
            <line number="36" hits="3" branch="false"/>
            <line number="37" hits="3" branch="false"/>
            <line number="43" hits="1" branch="false"/>
            <line number="46" hits="1" branch="false"/>
            <line number="48" hits="1" branch="false"/>
            <line number="49" hits="2" branch="false"/>
            <line number="50" hits="4" branch="false"/>
            <line number="51" hits="2" branch="false"/>
            <line number="52" hits="7" branch="false"/>
            <line number="53" hits="7" branch="false"/>
            <line number="54" hits="2" branch="false"/>
            <line number="55" hits="7" branch="false"/>
            <line number="56" hits="7" branch="false"/>
            <line number="57" hits="2" branch="false"/>
            <line number="58" hits="5" branch="false"/>
            <line number="60" hits="3" branch="false"/>
            <line number="63" hits="2" branch="false"/>
            <line number="64" hits="9" branch="false"/>
            <line number="65" hits="7" branch="false"/>
            <line number="68" hits="1" branch="false"/>
            <line number="69" hits="3" branch="false"/>
            <line number="70" hits="4" branch="false"/>
            <line number="71" hits="1" branch="false"/>
            <line number="72" hits="4" branch="false"/>
            <line number="73" hits="3" branch="false"/>
            <line number="74" hits="3" branch="false"/>
            <line number="75" hits="0" branch="false"/>
            <line number="77" hits="2" branch="false"/>
            <line number="79" hits="0" branch="false"/>
            <line number="85" hits="1" branch="false"/>
            <line number="86" hits="5" branch="false"/>
            <line number="88" hits="9" branch="false"/>
            <line number="90" hits="9" branch="false"/>
          </lines>
        </class>
        <class name="rotation" filename="lib/game/rotation.dart" line-rate="1" branch-rate="0">
          <lines>
            <line number="7" hits="1" branch="false"/>
            <line number="10" hits="1" branch="false"/>
            <line number="12" hits="1" branch="false"/>
            <line number="14" hits="0" branch="false"/>
            <line number="16" hits="0" branch="false"/>
          </lines>
        </class>
        <class name="tetris" filename="lib/game/tetris.dart" line-rate="1" branch-rate="0">
          <lines>
            <line number="9" hits="1" branch="false"/>
            <line number="11" hits="1" branch="false"/>
            <line number="12" hits="1" branch="false"/>
            <line number="13" hits="0" branch="false"/>
            <line number="14" hits="2" branch="false"/>
            <line number="15" hits="1" branch="false"/>
            <line number="16" hits="1" branch="false"/>
            <line number="17" hits="1" branch="false"/>
            <line number="18" hits="2" branch="false"/>
            <line number="20" hits="1" branch="false"/>
            <line number="21" hits="1" branch="false"/>
            <line number="22" hits="1" branch="false"/>
            <line number="23" hits="1" branch="false"/>
            <line number="24" hits="1" branch="false"/>
            <line number="25" hits="1" branch="false"/>
            <line number="27" hits="1" branch="false"/>
            <line number="28" hits="1" branch="false"/>
            <line number="49" hits="1" branch="false"/>
            <line number="51" hits="1" branch="false"/>
            <line number="53" hits="2" branch="false"/>
            <line number="54" hits="3" branch="false"/>
            <line number="55" hits="1" branch="false"/>
            <line number="56" hits="1" branch="false"/>
            <line number="58" hits="1" branch="false"/>
            <line number="59" hits="1" branch="false"/>
            <line number="61" hits="1" branch="false"/>
            <line number="63" hits="0" branch="false"/>
            <line number="67" hits="1" branch="false"/>
            <line number="69" hits="1" branch="false"/>
            <line number="71" hits="3" branch="false"/>
            <line number="73" hits="2" branch="false"/>
            <line number="82" hits="1" branch="false"/>
            <line number="84" hits="1" branch="false"/>
            <line number="86" hits="2" branch="false"/>
            <line number="87" hits="1" branch="false"/>
            <line number="89" hits="1" branch="false"/>
            <line number="91" hits="4" branch="false"/>
            <line number="100" hits="1" branch="false"/>
            <line number="102" hits="1" branch="false"/>
            <line number="104" hits="2" branch="false"/>
            <line number="105" hits="3" branch="false"/>
            <line number="106" hits="2" branch="false"/>
            <line number="107" hits="1" branch="false"/>
            <line number="110" hits="1" branch="false"/>
            <line number="111" hits="1" branch="false"/>
            <line number="113" hits="1" branch="false"/>
            <line number="117" hits="1" branch="false"/>
            <line number="119" hits="1" branch="false"/>
            <line number="139" hits="1" branch="false"/>
            <line number="141" hits="1" branch="false"/>
            <line number="144" hits="1" branch="false"/>
            <line number="145" hits="1" branch="false"/>
            <line number="151" hits="1" branch="false"/>
            <line number="160" hits="1" branch="false"/>
            <line number="162" hits="1" branch="false"/>
            <line number="164" hits="1" branch="false"/>
            <line number="165" hits="2" branch="false"/>
            <line number="166" hits="1" branch="false"/>
            <line number="167" hits="2" branch="false"/>
            <line number="172" hits="1" branch="false"/>
            <line number="175" hits="1" branch="false"/>
            <line number="176" hits="3" branch="false"/>
            <line number="177" hits="1" branch="false"/>
            <line number="180" hits="1" branch="false"/>
            <line number="190" hits="1" branch="false"/>
            <line number="195" hits="1" branch="false"/>
            <line number="196" hits="1" branch="false"/>
            <line number="197" hits="1" branch="false"/>
            <line number="198" hits="2" branch="false"/>
            <line number="199" hits="2" branch="false"/>
            <line number="201" hits="1" branch="false"/>
            <line number="202" hits="2" branch="false"/>
            <line number="203" hits="2" branch="false"/>
            <line number="206" hits="2" branch="false"/>
            <line number="207" hits="4" branch="false"/>
            <line number="208" hits="1" branch="false"/>
            <line number="213" hits="2" branch="false"/>
            <line number="220" hits="2" branch="false"/>
            <line number="222" hits="1" branch="false"/>
            <line number="223" hits="2" branch="false"/>
            <line number="224" hits="1" branch="false"/>
            <line number="225" hits="1" branch="false"/>
            <line number="226" hits="1" branch="false"/>
            <line number="227" hits="1" branch="false"/>
            <line number="239" hits="1" branch="false"/>
            <line number="246" hits="1" branch="false"/>
            <line number="247" hits="1" branch="false"/>
            <line number="256" hits="1" branch="false"/>
            <line number="257" hits="1" branch="false"/>
            <line number="258" hits="2" branch="false"/>
            <line number="259" hits="1" branch="false"/>
            <line number="260" hits="1" branch="false"/>
            <line number="261" hits="1" branch="false"/>
            <line number="262" hits="2" branch="false"/>
            <line number="265" hits="0" branch="false"/>
            <line number="266" hits="0" branch="false"/>
            <line number="269" hits="0" branch="false"/>
            <line number="270" hits="0" branch="false"/>
            <line number="272" hits="0" branch="false"/>
            <line number="273" hits="0" branch="false"/>
            <line number="276" hits="0" branch="false"/>
            <line number="277" hits="0" branch="false"/>
            <line number="278" hits="0" branch="false"/>
            <line number="279" hits="0" branch="false"/>
            <line number="283" hits="0" branch="false"/>
            <line number="284" hits="0" branch="false"/>
            <line number="285" hits="0" branch="false"/>
            <line number="286" hits="0" branch="false"/>
            <line number="287" hits="0" branch="false"/>
            <line number="291" hits="0" branch="false"/>
            <line number="293" hits="0" branch="false"/>
            <line number="294" hits="0" branch="false"/>
            <line number="296" hits="0" branch="false"/>
            <line number="297" hits="0" branch="false"/>
          </lines>
        </class>
      </classes>
    </package>
  </packages>
</coverage>